<?xml version="1.0" encoding="UTF-8"?>
<!-- Generated by org.testng.reporters.JUnitXMLReporter -->
<testsuite ignored="0" hostname="DESKTOP-28161K9" failures="0" tests="4" name="Default test" time="60.316" errors="0" timestamp="2023-12-26T23:25:28 IST">
  <testcase classname="com.tutorialsninja.qa.testcases.Register" name="registerWithAllMandatoryFiels" time="2.89"/>
  <testcase classname="com.tutorialsninja.qa.testcases.Register" name="registerWithAlreadyExistEmail" time="2.175"/>
  <testcase classname="com.tutorialsninja.qa.testcases.Register" name="registerWithMandetoryFields" time="1.997"/>
  <testcase classname="com.tutorialsninja.qa.testcases.Register" name="registerWithhoutFillingAnyDetail" time="7.157"/>
</testsuite> <!-- Default test -->
