<?xml version="1.0" encoding="UTF-8"?>
<!-- Generated by org.testng.reporters.JUnitXMLReporter -->
<testsuite ignored="0" hostname="DESKTOP-28161K9" failures="0" tests="12" name="Test" time="249.711" errors="0" timestamp="2023-12-18T22:55:22 IST">
  <testcase classname="com.tutorialsninja.qa.testcases.Register" name="registerWithAllMandatoryFiels" time="7.007"/>
  <testcase classname="com.tutorialsninja.qa.testcases.Register" name="registerWithAlreadyExistEmail" time="3.684"/>
  <testcase classname="com.tutorialsninja.qa.testcases.Register" name="registerWithMandetoryFields" time="3.766"/>
  <testcase classname="com.tutorialsninja.qa.testcases.Register" name="registerWithhoutFillingAnyDetail" time="1.503"/>
  <testcase classname="com.tutorialsninja.qa.testcases.Login" name="VerifyLoginWithoutCredentials" time="1.74"/>
  <testcase classname="com.tutorialsninja.qa.testcases.Login" name="verifyLoginWithInvalidCredentials" time="3.025"/>
  <testcase classname="com.tutorialsninja.qa.testcases.Login" name="verifyLoginWithInvalidEmailValidPassword" time="3.089"/>
  <testcase classname="com.tutorialsninja.qa.testcases.Login" name="verifyLoginWithValidCredentials" time="6.513"/>
  <testcase classname="com.tutorialsninja.qa.testcases.Login" name="verifyLoginWithValidEmailInvalidPassword" time="1.909"/>
  <testcase classname="com.tutorialsninja.qa.testcases.Search" name="verifySearchWithInvalidproduct" time="7.383"/>
  <testcase classname="com.tutorialsninja.qa.testcases.Search" name="verifySearchWithNoProduct" time="1.576"/>
  <testcase classname="com.tutorialsninja.qa.testcases.Search" name="verifySearchWithValidproduct" time="2.218"/>
</testsuite> <!-- Test -->
