<?xml version="1.0" encoding="UTF-8"?>
<testng-results ignored="0" total="12" passed="12" failed="0" skipped="0">
  <reporter-output>
  </reporter-output>
  <suite started-at="2023-12-18T22:51:12 IST" name="Suite" finished-at="2023-12-18T22:55:22 IST" duration-ms="249711">
    <groups>
    </groups>
    <test started-at="2023-12-18T22:51:12 IST" name="Test" finished-at="2023-12-18T22:55:22 IST" duration-ms="249711">
      <class name="com.tutorialsninja.qa.testcases.Search">
        <test-method is-config="true" signature="setup()[pri:0, instance:com.tutorialsninja.qa.testcases.Search@51e69659]" started-at="2023-12-18T22:54:29 IST" name="setup" finished-at="2023-12-18T22:54:35 IST" duration-ms="6243" status="PASS">
          <reporter-output>
          </reporter-output>
        </test-method> <!-- setup -->
        <test-method signature="verifySearchWithInvalidproduct()[pri:0, instance:com.tutorialsninja.qa.testcases.Search@51e69659]" started-at="2023-12-18T22:54:35 IST" name="verifySearchWithInvalidproduct" finished-at="2023-12-18T22:54:43 IST" duration-ms="7383" status="PASS">
          <reporter-output>
          </reporter-output>
        </test-method> <!-- verifySearchWithInvalidproduct -->
        <test-method is-config="true" signature="teardown()[pri:0, instance:com.tutorialsninja.qa.testcases.Search@51e69659]" started-at="2023-12-18T22:54:43 IST" name="teardown" finished-at="2023-12-18T22:54:44 IST" duration-ms="1372" status="PASS">
          <reporter-output>
          </reporter-output>
        </test-method> <!-- teardown -->
        <test-method is-config="true" signature="setup()[pri:0, instance:com.tutorialsninja.qa.testcases.Search@51e69659]" started-at="2023-12-18T22:54:44 IST" name="setup" finished-at="2023-12-18T22:54:54 IST" duration-ms="10025" status="PASS">
          <reporter-output>
          </reporter-output>
        </test-method> <!-- setup -->
        <test-method signature="verifySearchWithNoProduct()[pri:0, instance:com.tutorialsninja.qa.testcases.Search@51e69659]" started-at="2023-12-18T22:54:54 IST" name="verifySearchWithNoProduct" finished-at="2023-12-18T22:54:56 IST" duration-ms="1576" status="PASS">
          <reporter-output>
          </reporter-output>
        </test-method> <!-- verifySearchWithNoProduct -->
        <test-method is-config="true" signature="teardown()[pri:0, instance:com.tutorialsninja.qa.testcases.Search@51e69659]" started-at="2023-12-18T22:54:56 IST" name="teardown" finished-at="2023-12-18T22:54:57 IST" duration-ms="1255" status="PASS">
          <reporter-output>
          </reporter-output>
        </test-method> <!-- teardown -->
        <test-method is-config="true" signature="setup()[pri:0, instance:com.tutorialsninja.qa.testcases.Search@51e69659]" started-at="2023-12-18T22:54:57 IST" name="setup" finished-at="2023-12-18T22:55:19 IST" duration-ms="21820" status="PASS">
          <reporter-output>
          </reporter-output>
        </test-method> <!-- setup -->
        <test-method signature="verifySearchWithValidproduct()[pri:0, instance:com.tutorialsninja.qa.testcases.Search@51e69659]" started-at="2023-12-18T22:55:19 IST" name="verifySearchWithValidproduct" finished-at="2023-12-18T22:55:21 IST" duration-ms="2218" status="PASS">
          <reporter-output>
          </reporter-output>
        </test-method> <!-- verifySearchWithValidproduct -->
        <test-method is-config="true" signature="teardown()[pri:0, instance:com.tutorialsninja.qa.testcases.Search@51e69659]" started-at="2023-12-18T22:55:21 IST" name="teardown" finished-at="2023-12-18T22:55:22 IST" duration-ms="1210" status="PASS">
          <reporter-output>
          </reporter-output>
        </test-method> <!-- teardown -->
      </class> <!-- com.tutorialsninja.qa.testcases.Search -->
      <class name="com.tutorialsninja.qa.testcases.Register">
        <test-method is-config="true" signature="setup()[pri:0, instance:com.tutorialsninja.qa.testcases.Register@7bd4937b]" started-at="2023-12-18T22:51:13 IST" name="setup" finished-at="2023-12-18T22:52:11 IST" duration-ms="58286" status="PASS">
          <reporter-output>
          </reporter-output>
        </test-method> <!-- setup -->
        <test-method signature="registerWithAllMandatoryFiels()[pri:0, instance:com.tutorialsninja.qa.testcases.Register@7bd4937b]" started-at="2023-12-18T22:52:11 IST" name="registerWithAllMandatoryFiels" finished-at="2023-12-18T22:52:18 IST" duration-ms="7007" status="PASS">
          <reporter-output>
          </reporter-output>
        </test-method> <!-- registerWithAllMandatoryFiels -->
        <test-method is-config="true" signature="tearDown()[pri:0, instance:com.tutorialsninja.qa.testcases.Register@7bd4937b]" started-at="2023-12-18T22:52:18 IST" name="tearDown" finished-at="2023-12-18T22:52:19 IST" duration-ms="1192" status="PASS">
          <reporter-output>
          </reporter-output>
        </test-method> <!-- tearDown -->
        <test-method is-config="true" signature="setup()[pri:0, instance:com.tutorialsninja.qa.testcases.Register@7bd4937b]" started-at="2023-12-18T22:52:19 IST" name="setup" finished-at="2023-12-18T22:52:32 IST" duration-ms="12681" status="PASS">
          <reporter-output>
          </reporter-output>
        </test-method> <!-- setup -->
        <test-method signature="registerWithAlreadyExistEmail()[pri:0, instance:com.tutorialsninja.qa.testcases.Register@7bd4937b]" started-at="2023-12-18T22:52:32 IST" name="registerWithAlreadyExistEmail" finished-at="2023-12-18T22:52:35 IST" duration-ms="3684" status="PASS">
          <reporter-output>
          </reporter-output>
        </test-method> <!-- registerWithAlreadyExistEmail -->
        <test-method is-config="true" signature="tearDown()[pri:0, instance:com.tutorialsninja.qa.testcases.Register@7bd4937b]" started-at="2023-12-18T22:52:35 IST" name="tearDown" finished-at="2023-12-18T22:52:37 IST" duration-ms="1556" status="PASS">
          <reporter-output>
          </reporter-output>
        </test-method> <!-- tearDown -->
        <test-method is-config="true" signature="setup()[pri:0, instance:com.tutorialsninja.qa.testcases.Register@7bd4937b]" started-at="2023-12-18T22:52:37 IST" name="setup" finished-at="2023-12-18T22:52:50 IST" duration-ms="13015" status="PASS">
          <reporter-output>
          </reporter-output>
        </test-method> <!-- setup -->
        <test-method signature="registerWithMandetoryFields()[pri:0, instance:com.tutorialsninja.qa.testcases.Register@7bd4937b]" started-at="2023-12-18T22:52:50 IST" name="registerWithMandetoryFields" finished-at="2023-12-18T22:52:54 IST" duration-ms="3766" status="PASS">
          <reporter-output>
          </reporter-output>
        </test-method> <!-- registerWithMandetoryFields -->
        <test-method is-config="true" signature="tearDown()[pri:0, instance:com.tutorialsninja.qa.testcases.Register@7bd4937b]" started-at="2023-12-18T22:52:54 IST" name="tearDown" finished-at="2023-12-18T22:52:55 IST" duration-ms="1102" status="PASS">
          <reporter-output>
          </reporter-output>
        </test-method> <!-- tearDown -->
        <test-method is-config="true" signature="setup()[pri:0, instance:com.tutorialsninja.qa.testcases.Register@7bd4937b]" started-at="2023-12-18T22:52:55 IST" name="setup" finished-at="2023-12-18T22:53:08 IST" duration-ms="12771" status="PASS">
          <reporter-output>
          </reporter-output>
        </test-method> <!-- setup -->
        <test-method signature="registerWithhoutFillingAnyDetail()[pri:0, instance:com.tutorialsninja.qa.testcases.Register@7bd4937b]" started-at="2023-12-18T22:53:08 IST" name="registerWithhoutFillingAnyDetail" finished-at="2023-12-18T22:53:09 IST" duration-ms="1503" status="PASS">
          <reporter-output>
          </reporter-output>
        </test-method> <!-- registerWithhoutFillingAnyDetail -->
        <test-method is-config="true" signature="tearDown()[pri:0, instance:com.tutorialsninja.qa.testcases.Register@7bd4937b]" started-at="2023-12-18T22:53:09 IST" name="tearDown" finished-at="2023-12-18T22:53:10 IST" duration-ms="1057" status="PASS">
          <reporter-output>
          </reporter-output>
        </test-method> <!-- tearDown -->
      </class> <!-- com.tutorialsninja.qa.testcases.Register -->
      <class name="com.tutorialsninja.qa.testcases.Login">
        <test-method is-config="true" signature="setup()[pri:0, instance:com.tutorialsninja.qa.testcases.Login@659499f1]" started-at="2023-12-18T22:53:10 IST" name="setup" finished-at="2023-12-18T22:53:25 IST" duration-ms="14367" status="PASS">
          <reporter-output>
          </reporter-output>
        </test-method> <!-- setup -->
        <test-method signature="VerifyLoginWithoutCredentials()[pri:0, instance:com.tutorialsninja.qa.testcases.Login@659499f1]" started-at="2023-12-18T22:53:25 IST" name="VerifyLoginWithoutCredentials" finished-at="2023-12-18T22:53:26 IST" duration-ms="1740" status="PASS">
          <reporter-output>
          </reporter-output>
        </test-method> <!-- VerifyLoginWithoutCredentials -->
        <test-method is-config="true" signature="tearDown()[pri:0, instance:com.tutorialsninja.qa.testcases.Login@659499f1]" started-at="2023-12-18T22:53:26 IST" name="tearDown" finished-at="2023-12-18T22:53:28 IST" duration-ms="1367" status="PASS">
          <reporter-output>
          </reporter-output>
        </test-method> <!-- tearDown -->
        <test-method is-config="true" signature="setup()[pri:0, instance:com.tutorialsninja.qa.testcases.Login@659499f1]" started-at="2023-12-18T22:53:28 IST" name="setup" finished-at="2023-12-18T22:53:38 IST" duration-ms="10305" status="PASS">
          <reporter-output>
          </reporter-output>
        </test-method> <!-- setup -->
        <test-method signature="verifyLoginWithInvalidCredentials()[pri:0, instance:com.tutorialsninja.qa.testcases.Login@659499f1]" started-at="2023-12-18T22:53:38 IST" name="verifyLoginWithInvalidCredentials" finished-at="2023-12-18T22:53:41 IST" duration-ms="3025" status="PASS">
          <reporter-output>
          </reporter-output>
        </test-method> <!-- verifyLoginWithInvalidCredentials -->
        <test-method is-config="true" signature="tearDown()[pri:0, instance:com.tutorialsninja.qa.testcases.Login@659499f1]" started-at="2023-12-18T22:53:41 IST" name="tearDown" finished-at="2023-12-18T22:53:42 IST" duration-ms="1046" status="PASS">
          <reporter-output>
          </reporter-output>
        </test-method> <!-- tearDown -->
        <test-method is-config="true" signature="setup()[pri:0, instance:com.tutorialsninja.qa.testcases.Login@659499f1]" started-at="2023-12-18T22:53:42 IST" name="setup" finished-at="2023-12-18T22:53:53 IST" duration-ms="10407" status="PASS">
          <reporter-output>
          </reporter-output>
        </test-method> <!-- setup -->
        <test-method signature="verifyLoginWithInvalidEmailValidPassword()[pri:0, instance:com.tutorialsninja.qa.testcases.Login@659499f1]" started-at="2023-12-18T22:53:53 IST" name="verifyLoginWithInvalidEmailValidPassword" finished-at="2023-12-18T22:53:56 IST" duration-ms="3089" status="PASS">
          <reporter-output>
          </reporter-output>
        </test-method> <!-- verifyLoginWithInvalidEmailValidPassword -->
        <test-method is-config="true" signature="tearDown()[pri:0, instance:com.tutorialsninja.qa.testcases.Login@659499f1]" started-at="2023-12-18T22:53:56 IST" name="tearDown" finished-at="2023-12-18T22:53:57 IST" duration-ms="1398" status="PASS">
          <reporter-output>
          </reporter-output>
        </test-method> <!-- tearDown -->
        <test-method is-config="true" signature="setup()[pri:0, instance:com.tutorialsninja.qa.testcases.Login@659499f1]" started-at="2023-12-18T22:53:57 IST" name="setup" finished-at="2023-12-18T22:54:08 IST" duration-ms="11229" status="PASS">
          <reporter-output>
          </reporter-output>
        </test-method> <!-- setup -->
        <test-method signature="verifyLoginWithValidCredentials()[pri:0, instance:com.tutorialsninja.qa.testcases.Login@659499f1]" started-at="2023-12-18T22:54:08 IST" name="verifyLoginWithValidCredentials" finished-at="2023-12-18T22:54:15 IST" duration-ms="6513" status="PASS">
          <reporter-output>
          </reporter-output>
        </test-method> <!-- verifyLoginWithValidCredentials -->
        <test-method is-config="true" signature="tearDown()[pri:0, instance:com.tutorialsninja.qa.testcases.Login@659499f1]" started-at="2023-12-18T22:54:15 IST" name="tearDown" finished-at="2023-12-18T22:54:16 IST" duration-ms="1290" status="PASS">
          <reporter-output>
          </reporter-output>
        </test-method> <!-- tearDown -->
        <test-method is-config="true" signature="setup()[pri:0, instance:com.tutorialsninja.qa.testcases.Login@659499f1]" started-at="2023-12-18T22:54:16 IST" name="setup" finished-at="2023-12-18T22:54:26 IST" duration-ms="9744" status="PASS">
          <reporter-output>
          </reporter-output>
        </test-method> <!-- setup -->
        <test-method signature="verifyLoginWithValidEmailInvalidPassword()[pri:0, instance:com.tutorialsninja.qa.testcases.Login@659499f1]" started-at="2023-12-18T22:54:26 IST" name="verifyLoginWithValidEmailInvalidPassword" finished-at="2023-12-18T22:54:28 IST" duration-ms="1909" status="PASS">
          <reporter-output>
          </reporter-output>
        </test-method> <!-- verifyLoginWithValidEmailInvalidPassword -->
        <test-method is-config="true" signature="tearDown()[pri:0, instance:com.tutorialsninja.qa.testcases.Login@659499f1]" started-at="2023-12-18T22:54:28 IST" name="tearDown" finished-at="2023-12-18T22:54:29 IST" duration-ms="1177" status="PASS">
          <reporter-output>
          </reporter-output>
        </test-method> <!-- tearDown -->
      </class> <!-- com.tutorialsninja.qa.testcases.Login -->
    </test> <!-- Test -->
  </suite> <!-- Suite -->
</testng-results>
