<?xml version="1.0" encoding="UTF-8"?>
<testng-results ignored="0" total="3" passed="3" failed="0" skipped="0">
  <reporter-output>
  </reporter-output>
  <suite started-at="2023-12-20T22:13:26 IST" name="Default suite" finished-at="2023-12-20T22:17:41 IST" duration-ms="254462">
    <groups>
    </groups>
    <test started-at="2023-12-20T22:13:26 IST" name="Default test" finished-at="2023-12-20T22:17:41 IST" duration-ms="254462">
      <class name="com.tutorialsninja.qa.testcases.Search">
        <test-method is-config="true" signature="setup()[pri:0, instance:com.tutorialsninja.qa.testcases.Search@4738a206]" started-at="2023-12-20T22:13:26 IST" name="setup" finished-at="2023-12-20T22:16:41 IST" duration-ms="194783" status="PASS">
          <reporter-output>
          </reporter-output>
        </test-method> <!-- setup -->
        <test-method signature="verifySearchWithInvalidproduct()[pri:0, instance:com.tutorialsninja.qa.testcases.Search@4738a206]" started-at="2023-12-20T22:16:41 IST" name="verifySearchWithInvalidproduct" finished-at="2023-12-20T22:16:43 IST" duration-ms="2099" status="PASS">
          <reporter-output>
          </reporter-output>
        </test-method> <!-- verifySearchWithInvalidproduct -->
        <test-method is-config="true" signature="teardown()[pri:0, instance:com.tutorialsninja.qa.testcases.Search@4738a206]" started-at="2023-12-20T22:16:43 IST" name="teardown" finished-at="2023-12-20T22:16:48 IST" duration-ms="4901" status="PASS">
          <reporter-output>
          </reporter-output>
        </test-method> <!-- teardown -->
        <test-method is-config="true" signature="setup()[pri:0, instance:com.tutorialsninja.qa.testcases.Search@4738a206]" started-at="2023-12-20T22:16:48 IST" name="setup" finished-at="2023-12-20T22:17:13 IST" duration-ms="24699" status="PASS">
          <reporter-output>
          </reporter-output>
        </test-method> <!-- setup -->
        <test-method signature="verifySearchWithNoProduct()[pri:0, instance:com.tutorialsninja.qa.testcases.Search@4738a206]" started-at="2023-12-20T22:17:13 IST" name="verifySearchWithNoProduct" finished-at="2023-12-20T22:17:25 IST" duration-ms="11970" status="PASS">
          <reporter-output>
          </reporter-output>
        </test-method> <!-- verifySearchWithNoProduct -->
        <test-method is-config="true" signature="teardown()[pri:0, instance:com.tutorialsninja.qa.testcases.Search@4738a206]" started-at="2023-12-20T22:17:25 IST" name="teardown" finished-at="2023-12-20T22:17:26 IST" duration-ms="971" status="PASS">
          <reporter-output>
          </reporter-output>
        </test-method> <!-- teardown -->
        <test-method is-config="true" signature="setup()[pri:0, instance:com.tutorialsninja.qa.testcases.Search@4738a206]" started-at="2023-12-20T22:17:26 IST" name="setup" finished-at="2023-12-20T22:17:34 IST" duration-ms="7801" status="PASS">
          <reporter-output>
          </reporter-output>
        </test-method> <!-- setup -->
        <test-method signature="verifySearchWithValidproduct()[pri:0, instance:com.tutorialsninja.qa.testcases.Search@4738a206]" started-at="2023-12-20T22:17:34 IST" name="verifySearchWithValidproduct" finished-at="2023-12-20T22:17:40 IST" duration-ms="6370" status="PASS">
          <reporter-output>
          </reporter-output>
        </test-method> <!-- verifySearchWithValidproduct -->
        <test-method is-config="true" signature="teardown()[pri:0, instance:com.tutorialsninja.qa.testcases.Search@4738a206]" started-at="2023-12-20T22:17:40 IST" name="teardown" finished-at="2023-12-20T22:17:41 IST" duration-ms="719" status="PASS">
          <reporter-output>
          </reporter-output>
        </test-method> <!-- teardown -->
      </class> <!-- com.tutorialsninja.qa.testcases.Search -->
    </test> <!-- Default test -->
  </suite> <!-- Default suite -->
</testng-results>
